{"/mnt/d/Workplace/MERN Stack/Nodejs/NexTask_API/backend/src/modules/auth/auth.service.ts": {"path":"/mnt/d/Workplace/MERN Stack/Nodejs/NexTask_API/backend/src/modules/auth/auth.service.ts","statementMap":{"0":{"start":{"line":2,"column":0},"end":{"line":2,"column":38}},"1":{"start":{"line":3,"column":0},"end":{"line":3,"column":28}},"2":{"start":{"line":4,"column":0},"end":{"line":4,"column":31}},"3":{"start":{"line":5,"column":0},"end":{"line":5,"column":44}},"4":{"start":{"line":11,"column":46},"end":{"line":11,"column":50}},"5":{"start":{"line":13,"column":29},"end":{"line":13,"column":78}},"6":{"start":{"line":16,"column":8},"end":{"line":18,"column":9}},"7":{"start":{"line":17,"column":12},"end":{"line":17,"column":57}},"8":{"start":{"line":21,"column":27},"end":{"line":21,"column":29}},"9":{"start":{"line":22,"column":31},"end":{"line":22,"column":70}},"10":{"start":{"line":25,"column":24},"end":{"line":32,"column":10}},"11":{"start":{"line":36,"column":57},"end":{"line":36,"column":64}},"12":{"start":{"line":37,"column":8},"end":{"line":37,"column":35}},"13":{"start":{"line":43,"column":36},"end":{"line":43,"column":40}},"14":{"start":{"line":46,"column":21},"end":{"line":48,"column":10}},"15":{"start":{"line":51,"column":8},"end":{"line":53,"column":9}},"16":{"start":{"line":52,"column":12},"end":{"line":52,"column":75}},"17":{"start":{"line":56,"column":24},"end":{"line":56,"column":73}},"18":{"start":{"line":59,"column":8},"end":{"line":61,"column":9}},"19":{"start":{"line":60,"column":12},"end":{"line":60,"column":76}},"20":{"start":{"line":64,"column":28},"end":{"line":67,"column":null}},"21":{"start":{"line":71,"column":29},"end":{"line":77,"column":null}},"22":{"start":{"line":81,"column":57},"end":{"line":81,"column":61}},"23":{"start":{"line":84,"column":8},"end":{"line":88,"column":null}},"24":{"start":{"line":93,"column":21},"end":{"line":103,"column":10}},"25":{"start":{"line":106,"column":8},"end":{"line":108,"column":9}},"26":{"start":{"line":107,"column":12},"end":{"line":107,"column":65}},"27":{"start":{"line":110,"column":8},"end":{"line":110,"column":20}},"28":{"start":{"line":115,"column":8},"end":{"line":122,"column":11}},"29":{"start":{"line":123,"column":8},"end":{"line":125,"column":10}},"30":{"start":{"line":8,"column":0},"end":{"line":8,"column":13}},"31":{"start":{"line":129,"column":13},"end":{"line":129,"column":45}}},"fnMap":{"0":{"name":"(anonymous_1)","decl":{"start":{"line":9,"column":4},"end":{"line":9,"column":9}},"loc":{"start":{"line":9,"column":28},"end":{"line":38,"column":5}}},"1":{"name":"(anonymous_2)","decl":{"start":{"line":41,"column":4},"end":{"line":41,"column":9}},"loc":{"start":{"line":41,"column":25},"end":{"line":89,"column":5}}},"2":{"name":"(anonymous_3)","decl":{"start":{"line":91,"column":4},"end":{"line":91,"column":9}},"loc":{"start":{"line":91,"column":30},"end":{"line":111,"column":5}}},"3":{"name":"(anonymous_4)","decl":{"start":{"line":113,"column":4},"end":{"line":113,"column":9}},"loc":{"start":{"line":113,"column":31},"end":{"line":126,"column":5}}}},"branchMap":{"0":{"loc":{"start":{"line":16,"column":8},"end":{"line":18,"column":9}},"type":"if","locations":[{"start":{"line":16,"column":8},"end":{"line":18,"column":9}},{"start":{},"end":{}}]},"1":{"loc":{"start":{"line":51,"column":8},"end":{"line":53,"column":9}},"type":"if","locations":[{"start":{"line":51,"column":8},"end":{"line":53,"column":9}},{"start":{},"end":{}}]},"2":{"loc":{"start":{"line":59,"column":8},"end":{"line":61,"column":9}},"type":"if","locations":[{"start":{"line":59,"column":8},"end":{"line":61,"column":9}},{"start":{},"end":{}}]},"3":{"loc":{"start":{"line":106,"column":8},"end":{"line":108,"column":9}},"type":"if","locations":[{"start":{"line":106,"column":8},"end":{"line":108,"column":9}},{"start":{},"end":{}}]}},"s":{"0":1,"1":1,"2":1,"3":1,"4":2,"5":2,"6":2,"7":1,"8":1,"9":1,"10":1,"11":1,"12":1,"13":3,"14":3,"15":3,"16":1,"17":2,"18":2,"19":1,"20":1,"21":1,"22":1,"23":1,"24":0,"25":0,"26":0,"27":0,"28":0,"29":0,"30":1,"31":1},"f":{"0":2,"1":3,"2":0,"3":0},"b":{"0":[1,1],"1":[1,2],"2":[1,1],"3":[0,0]}}
,"/mnt/d/Workplace/MERN Stack/Nodejs/NexTask_API/backend/src/utils/appError.ts": {"path":"/mnt/d/Workplace/MERN Stack/Nodejs/NexTask_API/backend/src/utils/appError.ts","statementMap":{"0":{"start":{"line":11,"column":8},"end":{"line":11,"column":23}},"1":{"start":{"line":12,"column":8},"end":{"line":12,"column":37}},"2":{"start":{"line":13,"column":8},"end":{"line":13,"column":79}},"3":{"start":{"line":15,"column":8},"end":{"line":15,"column":34}},"4":{"start":{"line":18,"column":9},"end":{"line":18,"column":65}},"5":{"start":{"line":23,"column":0},"end":{"line":23,"column":24}}},"fnMap":{"0":{"name":"(anonymous_0)","decl":{"start":{"line":9,"column":4},"end":{"line":9,"column":16}},"loc":{"start":{"line":9,"column":51},"end":{"line":19,"column":5}}}},"branchMap":{"0":{"loc":{"start":{"line":13,"column":22},"end":{"line":13,"column":78}},"type":"cond-expr","locations":[{"start":{"line":13,"column":62},"end":{"line":13,"column":68}},{"start":{"line":13,"column":71},"end":{"line":13,"column":78}}]}},"s":{"0":3,"1":3,"2":3,"3":3,"4":3,"5":1},"f":{"0":3},"b":{"0":[3,0]}}
}
