TN:
SF:src/modules/auth/auth.service.ts
FN:9,(anonymous_1)
FN:41,(anonymous_2)
FN:91,(anonymous_3)
FN:113,(anonymous_4)
FNF:4
FNH:2
FNDA:2,(anonymous_1)
FNDA:3,(anonymous_2)
FNDA:0,(anonymous_3)
FNDA:0,(anonymous_4)
DA:2,1
DA:3,1
DA:4,1
DA:5,1
DA:8,1
DA:11,2
DA:13,2
DA:16,2
DA:17,1
DA:21,1
DA:22,1
DA:25,1
DA:36,1
DA:37,1
DA:43,3
DA:46,3
DA:51,3
DA:52,1
DA:56,2
DA:59,2
DA:60,1
DA:64,1
DA:71,1
DA:81,1
DA:84,1
DA:93,0
DA:106,0
DA:107,0
DA:110,0
DA:115,0
DA:123,0
DA:129,1
LF:32
LH:26
BRDA:16,0,0,1
BRDA:16,0,1,1
BRDA:51,1,0,1
BRDA:51,1,1,2
BRDA:59,2,0,1
BRDA:59,2,1,1
BRDA:106,3,0,0
BRDA:106,3,1,0
BRF:8
BRH:6
end_of_record
TN:
SF:src/utils/appError.ts
FN:9,(anonymous_0)
FNF:1
FNH:1
FNDA:3,(anonymous_0)
DA:11,3
DA:12,3
DA:13,3
DA:15,3
DA:18,3
DA:23,1
LF:6
LH:6
BRDA:13,0,0,3
BRDA:13,0,1,0
BRF:2
BRH:1
end_of_record
